-------------------------------------------------------------------------------
Test set: com.example.springbootunittests.UserServiceTest
-------------------------------------------------------------------------------
Tests run: 1, Failures: 0, Errors: 1, Skipped: 0, Time elapsed: 0.004 s <<< FAILURE! - in com.example.springbootunittests.UserServiceTest
initializationError(com.example.springbootunittests.UserServiceTest)  Time elapsed: 0.001 s  <<< ERROR!
java.lang.Exception: No runnable methods

